<?xml version="1.0" encoding="UTF-8"?>
<!-- Generated by org.testng.reporters.JUnitXMLReporter -->
<testsuite hostname="U6043535-TPL-A" name="Test-method test1" tests="2" failures="0" timestamp="20 Oct 2017 09:49:13 GMT" time="27.103" errors="0">
  <testcase name="AccounttrustTaxLogin" time="0.478" classname="com.TrustTaxQA.RegressionTest$SmokeTest"/>
  <testcase name="OpenAccount" time="0.555" classname="com.TrustTaxQA.RegressionTest$SmokeTest"/>
</testsuite> <!-- Test-method test1 -->
