<?xml version="1.0" encoding="UTF-8"?>
<!-- Generated by org.testng.reporters.JUnitReportReporter -->
<testsuite hostname="U6043535-TPL-A" name="com.TrustTaxQA.RegressionTest" tests="1" failures="0" timestamp="11 Nov 2017 14:01:39 GMT" time="58.551" errors="0">
  <testcase name="AccounttrustTaxLogin" time="58.551" classname="com.TrustTaxQA.RegressionTest"/>
</testsuite> <!-- com.TrustTaxQA.RegressionTest -->
