<?xml version="1.0" encoding="UTF-8"?>
<!-- Generated by org.testng.reporters.JUnitReportReporter -->
<testsuite hostname="U6043535-TPL-A" name="com.TrustTaxQA.SmokeTest1" tests="3" failures="0" timestamp="18 Nov 2017 15:02:08 GMT" time="150.742" errors="0">
  <testcase name="AccounttrustTaxLogin3" time="47.358" classname="com.TrustTaxQA.SmokeTest1"/>
  <testcase name="AccounttrustTaxLogin1" time="56.794" classname="com.TrustTaxQA.SmokeTest1"/>
  <testcase name="AccounttrustTaxLogin2" time="46.590" classname="com.TrustTaxQA.SmokeTest1"/>
</testsuite> <!-- com.TrustTaxQA.SmokeTest1 -->
