<?xml version="1.0" encoding="UTF-8"?>
<!-- Generated by org.testng.reporters.JUnitReportReporter -->
<testsuite hostname="Shiridi-PC" name="com.TrustTaxQA.DemoMaven" tests="1" failures="0" timestamp="25 Sep 2017 20:36:00 GMT" time="0.051" errors="0">
  <testcase name="testHello" time="0.051" classname="com.TrustTaxQA.DemoMaven"/>
</testsuite> <!-- com.TrustTaxQA.DemoMaven -->
