<?xml version="1.0" encoding="UTF-8"?>
<!-- Generated by org.testng.reporters.JUnitReportReporter -->
<testsuite hostname="U6043535-TPL-A" name="com.TrustTaxQA.Regression" tests="1" failures="0" timestamp="25 Jan 2019 14:35:00 GMT" time="39.854" errors="0">
  <testcase name="AccounttrustTaxLogin1" time="39.854" classname="com.TrustTaxQA.Regression"/>
</testsuite> <!-- com.TrustTaxQA.Regression -->
