<?xml version="1.0" encoding="UTF-8"?>
<!-- Generated by org.testng.reporters.JUnitReportReporter -->
<testsuite hostname="U6043535-TPL-A" name="com.TrustTaxQA.SmokeTest9" tests="1" failures="0" timestamp="11 Nov 2017 14:01:39 GMT" time="43.698" errors="0">
  <testcase name="AccounttrustTaxLogin" time="43.698" classname="com.TrustTaxQA.SmokeTest9"/>
</testsuite> <!-- com.TrustTaxQA.SmokeTest9 -->
