<?xml version="1.0" encoding="UTF-8"?>
<!-- Generated by org.testng.reporters.JUnitReportReporter -->
<testsuite hostname="U6043535-TPL-A" name="com.TrustTaxQA.SmokeTest2" tests="3" failures="0" timestamp="18 Nov 2017 15:02:08 GMT" time="122.810" errors="0">
  <testcase name="AccounttrustTaxLogin6" time="42.030" classname="com.TrustTaxQA.SmokeTest2"/>
  <testcase name="AccounttrustTaxLogin4" time="44.737" classname="com.TrustTaxQA.SmokeTest2"/>
  <testcase name="AccounttrustTaxLogin5" time="36.043" classname="com.TrustTaxQA.SmokeTest2"/>
</testsuite> <!-- com.TrustTaxQA.SmokeTest2 -->
