<?xml version="1.0" encoding="UTF-8"?>
<!-- Generated by org.testng.reporters.JUnitReportReporter -->
<testsuite hostname="U6043535-TPL-A" name="com.TrustTaxQA.SmokeTest6" tests="1" failures="0" timestamp="11 Nov 2017 14:01:39 GMT" time="38.690" errors="0">
  <testcase name="AccounttrustTaxLogin" time="38.690" classname="com.TrustTaxQA.SmokeTest6"/>
</testsuite> <!-- com.TrustTaxQA.SmokeTest6 -->
