<?xml version="1.0" encoding="UTF-8"?>
<!-- Generated by org.testng.reporters.JUnitReportReporter -->
<testsuite hostname="U6043535-TPL-A" name="com.TrustTaxQA.SmokeTest3" tests="1" failures="0" timestamp="17 Nov 2017 04:49:50 GMT" time="38.908" errors="0">
  <testcase name="AccounttrustTaxLogin3" time="38.908" classname="com.TrustTaxQA.SmokeTest3"/>
</testsuite> <!-- com.TrustTaxQA.SmokeTest3 -->
