<?xml version="1.0" encoding="UTF-8"?>
<!-- Generated by org.testng.reporters.JUnitReportReporter -->
<testsuite hostname="U6043535-TPL-A" name="com.TrustTaxQA.SmokeTest" tests="2" failures="0" timestamp="25 Jan 2019 14:43:37 GMT" time="79.083" errors="0">
  <testcase name="oneSourceLogin1" time="40.676" classname="com.TrustTaxQA.SmokeTest"/>
  <testcase name="oneSourceLogin2" time="38.407" classname="com.TrustTaxQA.SmokeTest"/>
</testsuite> <!-- com.TrustTaxQA.SmokeTest -->
