<?xml version="1.0" encoding="UTF-8"?>
<!-- Generated by org.testng.reporters.JUnitReportReporter -->
<testsuite hostname="U6043535-TPL-A" name="com.TrustTaxQA.RegressionTest$SmokeTest" tests="2" failures="0" timestamp="20 Oct 2017 10:16:30 GMT" time="20.920" errors="0">
  <testcase name="OpenAccount" time="8.936" classname="com.TrustTaxQA.RegressionTest$SmokeTest"/>
  <testcase name="AccounttrustTaxLogin" time="11.984" classname="com.TrustTaxQA.RegressionTest$SmokeTest"/>
</testsuite> <!-- com.TrustTaxQA.RegressionTest$SmokeTest -->
