<?xml version="1.0" encoding="UTF-8"?>
<!-- Generated by org.testng.reporters.JUnitReportReporter -->
<testsuite hostname="U6043535-TPL-A" name="com.TrustTaxQA.SmokeTest5" tests="1" failures="0" timestamp="11 Nov 2017 14:01:39 GMT" time="39.453" errors="0">
  <testcase name="AccounttrustTaxLogin" time="39.453" classname="com.TrustTaxQA.SmokeTest5"/>
</testsuite> <!-- com.TrustTaxQA.SmokeTest5 -->
