<?xml version="1.0" encoding="UTF-8"?>
<!-- Generated by org.testng.reporters.JUnitReportReporter -->
<testsuite hostname="U6043535-TPL-A" name="com.TrustTaxQA.SmokeTest" tests="1" failures="0" timestamp="26 Jan 2019 07:22:58 GMT" time="78.905" errors="0">
  <testcase name="oneSourceLogin2" time="78.905" classname="com.TrustTaxQA.SmokeTest"/>
</testsuite> <!-- com.TrustTaxQA.SmokeTest -->
